0 info it worked if it ends with ok
1 verbose cli [ '/usr/local/bin/node', '/usr/local/bin/npm', 'run', 'pages' ]
2 info using npm@3.10.10
3 info using node@v7.2.1
4 verbose run-script [ 'prepages', 'pages', 'postpages' ]
5 info lifecycle nonprofit-dashboard@1.0.0~prepages: nonprofit-dashboard@1.0.0
6 silly lifecycle nonprofit-dashboard@1.0.0~prepages: no script for prepages, continuing
7 info lifecycle nonprofit-dashboard@1.0.0~pages: nonprofit-dashboard@1.0.0
8 verbose lifecycle nonprofit-dashboard@1.0.0~pages: unsafe-perm in lifecycle true
9 verbose lifecycle nonprofit-dashboard@1.0.0~pages: PATH: /usr/local/lib/node_modules/npm/bin/node-gyp-bin:/Users/evancoulson/github/Nonprofit-Dashboard/node_modules/.bin:/usr/local/bin:/usr/bin:/bin:/usr/sbin:/sbin
10 verbose lifecycle nonprofit-dashboard@1.0.0~pages: CWD: /Users/evancoulson/github/Nonprofit-Dashboard
11 silly lifecycle nonprofit-dashboard@1.0.0~pages: Args: [ '-c', 'node tests/pages' ]
12 silly lifecycle nonprofit-dashboard@1.0.0~pages: Returned: code: 1  signal: null
13 info lifecycle nonprofit-dashboard@1.0.0~pages: Failed to exec pages script
14 verbose stack Error: nonprofit-dashboard@1.0.0 pages: `node tests/pages`
14 verbose stack Exit status 1
14 verbose stack     at EventEmitter.<anonymous> (/usr/local/lib/node_modules/npm/lib/utils/lifecycle.js:255:16)
14 verbose stack     at emitTwo (events.js:106:13)
14 verbose stack     at EventEmitter.emit (events.js:191:7)
14 verbose stack     at ChildProcess.<anonymous> (/usr/local/lib/node_modules/npm/lib/utils/spawn.js:40:14)
14 verbose stack     at emitTwo (events.js:106:13)
14 verbose stack     at ChildProcess.emit (events.js:191:7)
14 verbose stack     at maybeClose (internal/child_process.js:885:16)
14 verbose stack     at Process.ChildProcess._handle.onexit (internal/child_process.js:226:5)
15 verbose pkgid nonprofit-dashboard@1.0.0
16 verbose cwd /Users/evancoulson/github/Nonprofit-Dashboard
17 error Darwin 15.6.0
18 error argv "/usr/local/bin/node" "/usr/local/bin/npm" "run" "pages"
19 error node v7.2.1
20 error npm  v3.10.10
21 error code ELIFECYCLE
22 error nonprofit-dashboard@1.0.0 pages: `node tests/pages`
22 error Exit status 1
23 error Failed at the nonprofit-dashboard@1.0.0 pages script 'node tests/pages'.
23 error Make sure you have the latest version of node.js and npm installed.
23 error If you do, this is most likely a problem with the nonprofit-dashboard package,
23 error not with npm itself.
23 error Tell the author that this fails on your system:
23 error     node tests/pages
23 error You can get information on how to open an issue for this project with:
23 error     npm bugs nonprofit-dashboard
23 error Or if that isn't available, you can get their info via:
23 error     npm owner ls nonprofit-dashboard
23 error There is likely additional logging output above.
24 verbose exit [ 1, true ]
